<?xml version="1.0" encoding="UTF-8"?>
<!-- Generated by org.testng.reporters.JUnitXMLReporter -->
<testsuite hostname="NGD24116" name="ContractMgtTest-P" tests="3" failures="0" timestamp="8 Apr 2019 09:21:08 GMT" time="497.92" errors="0">
  <testcase name="AddContractManagement" time="164.048" classname="com.profiler.contractmgt.ContractManagementTest"/>
  <testcase name="AddCountryPaymentThreshold" time="170.5" classname="com.profiler.contractmgt.CountryPaymentThreshold"/>
  <testcase name="AddCountryPaymentThreshold" time="138.963" classname="com.profiler.contractmgt.TypePaymentThreshold"/>
</testsuite> <!-- ContractMgtTest-P -->
