<?xml version="1.0" encoding="UTF-8"?>
<!-- Generated by org.testng.reporters.JUnitXMLReporter -->
<testsuite hostname="NGD24116" name="DataTest-R" tests="27" failures="0" timestamp="8 Apr 2019 10:25:24 GMT" time="2067.814" errors="0">
  <testcase name="testCreateRejectionReason" time="65.417" classname="com.profiler.data.RejectionReason"/>
  <testcase name="testDeleteRejectionReason" time="102.994" classname="com.profiler.data.RejectionReason"/>
  <testcase name="testEditRejectionReason" time="93.694" classname="com.profiler.data.RejectionReason"/>
  <testcase name="testCreateClinicalActType" time="54.039" classname="com.profiler.data.ClinicalActivityType"/>
  <testcase name="testDeleteClinicalActType" time="60.98" classname="com.profiler.data.ClinicalActivityType"/>
  <testcase name="testEditClinicalActType" time="38.25" classname="com.profiler.data.ClinicalActivityType"/>
  <testcase name="testCreateCommType" time="45.127" classname="com.profiler.data.CommitteeType"/>
  <testcase name="testDeleteCommType" time="59.695" classname="com.profiler.data.CommitteeType"/>
  <testcase name="testEditCommType" time="37.982" classname="com.profiler.data.CommitteeType"/>
  <testcase name="testCreateCondition" time="46.247" classname="com.profiler.data.Condition"/>
  <testcase name="testDeleteCondition" time="61.05" classname="com.profiler.data.Condition"/>
  <testcase name="testEditCondition" time="38.127" classname="com.profiler.data.Condition"/>
  <testcase name="testCreateGoalsFunctions" time="69.006" classname="com.profiler.data.GoalsFunctions"/>
  <testcase name="testDeleteGoalsFunctions" time="100.224" classname="com.profiler.data.GoalsFunctions"/>
  <testcase name="testEditGoalsFunctions" time="92.607" classname="com.profiler.data.GoalsFunctions"/>
  <testcase name="testCreateGoalsTypes" time="76.591" classname="com.profiler.data.GoalsTypes"/>
  <testcase name="testDeleteGoalsTypes" time="106.221" classname="com.profiler.data.GoalsTypes"/>
  <testcase name="testEditGoalsTypes" time="97.201" classname="com.profiler.data.GoalsTypes"/>
  <testcase name="testCreateInflncStrngth" time="71.558" classname="com.profiler.data.InfluenceStrength"/>
  <testcase name="testDeleteInflncStrngth" time="105.431" classname="com.profiler.data.InfluenceStrength"/>
  <testcase name="testEditInflncStrngth" time="97.806" classname="com.profiler.data.InfluenceStrength"/>
  <testcase name="testCreateInflncType" time="85.256" classname="com.profiler.data.InfluenceTypes"/>
  <testcase name="testDeleteInflncType" time="101.264" classname="com.profiler.data.InfluenceTypes"/>
  <testcase name="testEditInflncType" time="92.567" classname="com.profiler.data.InfluenceTypes"/>
  <testcase name="testCreateOrgPosition" time="42.326" classname="com.profiler.data.OrganizationPosition"/>
  <testcase name="testDeleteOrgPosition" time="111.552" classname="com.profiler.data.OrganizationPosition"/>
  <testcase name="testEditOrgPosition" time="50.155" classname="com.profiler.data.OrganizationPosition"/>
</testsuite> <!-- DataTest-R -->
